  glm.c
C:\Users\Yonathan\source\repos\JonnyGov\Computer-Graphics-HW2\LabProjectWithGlut_VS2019\glm.c(187,23): warning C4996: 'strdup': The POSIX name for this item is deprecated. Instead, use the ISO C and C++ conformant name: _strdup. See online help for details.
C:\Users\Yonathan\source\repos\JonnyGov\Computer-Graphics-HW2\LabProjectWithGlut_VS2019\glm.c(234,11): warning C4996: 'strdup': The POSIX name for this item is deprecated. Instead, use the ISO C and C++ conformant name: _strdup. See online help for details.
C:\Users\Yonathan\source\repos\JonnyGov\Computer-Graphics-HW2\LabProjectWithGlut_VS2019\glm.c(262,5): warning C4996: 'strcpy': This function or variable may be unsafe. Consider using strcpy_s instead. To disable deprecation, use _CRT_SECURE_NO_WARNINGS. See online help for details.
C:\Users\Yonathan\source\repos\JonnyGov\Computer-Graphics-HW2\LabProjectWithGlut_VS2019\glm.c(263,5): warning C4996: 'strcat': This function or variable may be unsafe. Consider using strcat_s instead. To disable deprecation, use _CRT_SECURE_NO_WARNINGS. See online help for details.
C:\Users\Yonathan\source\repos\JonnyGov\Computer-Graphics-HW2\LabProjectWithGlut_VS2019\glm.c(266,12): warning C4996: 'fopen': This function or variable may be unsafe. Consider using fopen_s instead. To disable deprecation, use _CRT_SECURE_NO_WARNINGS. See online help for details.
C:\Users\Yonathan\source\repos\JonnyGov\Computer-Graphics-HW2\LabProjectWithGlut_VS2019\glm.c(276,11): warning C4996: 'fscanf': This function or variable may be unsafe. Consider using fscanf_s instead. To disable deprecation, use _CRT_SECURE_NO_WARNINGS. See online help for details.
C:\Users\Yonathan\source\repos\JonnyGov\Computer-Graphics-HW2\LabProjectWithGlut_VS2019\glm.c(285,13): warning C4996: 'sscanf': This function or variable may be unsafe. Consider using sscanf_s instead. To disable deprecation, use _CRT_SECURE_NO_WARNINGS. See online help for details.
C:\Users\Yonathan\source\repos\JonnyGov\Computer-Graphics-HW2\LabProjectWithGlut_VS2019\glm.c(316,32): warning C4996: 'strdup': The POSIX name for this item is deprecated. Instead, use the ISO C and C++ conformant name: _strdup. See online help for details.
C:\Users\Yonathan\source\repos\JonnyGov\Computer-Graphics-HW2\LabProjectWithGlut_VS2019\glm.c(320,11): warning C4996: 'fscanf': This function or variable may be unsafe. Consider using fscanf_s instead. To disable deprecation, use _CRT_SECURE_NO_WARNINGS. See online help for details.
C:\Users\Yonathan\source\repos\JonnyGov\Computer-Graphics-HW2\LabProjectWithGlut_VS2019\glm.c(328,13): warning C4996: 'sscanf': This function or variable may be unsafe. Consider using sscanf_s instead. To disable deprecation, use _CRT_SECURE_NO_WARNINGS. See online help for details.
C:\Users\Yonathan\source\repos\JonnyGov\Computer-Graphics-HW2\LabProjectWithGlut_VS2019\glm.c(330,51): warning C4996: 'strdup': The POSIX name for this item is deprecated. Instead, use the ISO C and C++ conformant name: _strdup. See online help for details.
C:\Users\Yonathan\source\repos\JonnyGov\Computer-Graphics-HW2\LabProjectWithGlut_VS2019\glm.c(333,13): warning C4996: 'fscanf': This function or variable may be unsafe. Consider using fscanf_s instead. To disable deprecation, use _CRT_SECURE_NO_WARNINGS. See online help for details.
C:\Users\Yonathan\source\repos\JonnyGov\Computer-Graphics-HW2\LabProjectWithGlut_VS2019\glm.c(341,17): warning C4996: 'fscanf': This function or variable may be unsafe. Consider using fscanf_s instead. To disable deprecation, use _CRT_SECURE_NO_WARNINGS. See online help for details.
C:\Users\Yonathan\source\repos\JonnyGov\Computer-Graphics-HW2\LabProjectWithGlut_VS2019\glm.c(347,17): warning C4996: 'fscanf': This function or variable may be unsafe. Consider using fscanf_s instead. To disable deprecation, use _CRT_SECURE_NO_WARNINGS. See online help for details.
C:\Users\Yonathan\source\repos\JonnyGov\Computer-Graphics-HW2\LabProjectWithGlut_VS2019\glm.c(353,17): warning C4996: 'fscanf': This function or variable may be unsafe. Consider using fscanf_s instead. To disable deprecation, use _CRT_SECURE_NO_WARNINGS. See online help for details.
C:\Users\Yonathan\source\repos\JonnyGov\Computer-Graphics-HW2\LabProjectWithGlut_VS2019\glm.c(389,5): warning C4996: 'strcpy': This function or variable may be unsafe. Consider using strcpy_s instead. To disable deprecation, use _CRT_SECURE_NO_WARNINGS. See online help for details.
C:\Users\Yonathan\source\repos\JonnyGov\Computer-Graphics-HW2\LabProjectWithGlut_VS2019\glm.c(390,5): warning C4996: 'strcat': This function or variable may be unsafe. Consider using strcat_s instead. To disable deprecation, use _CRT_SECURE_NO_WARNINGS. See online help for details.
C:\Users\Yonathan\source\repos\JonnyGov\Computer-Graphics-HW2\LabProjectWithGlut_VS2019\glm.c(394,12): warning C4996: 'fopen': This function or variable may be unsafe. Consider using fopen_s instead. To disable deprecation, use _CRT_SECURE_NO_WARNINGS. See online help for details.
C:\Users\Yonathan\source\repos\JonnyGov\Computer-Graphics-HW2\LabProjectWithGlut_VS2019\glm.c(448,11): warning C4996: 'fscanf': This function or variable may be unsafe. Consider using fscanf_s instead. To disable deprecation, use _CRT_SECURE_NO_WARNINGS. See online help for details.
C:\Users\Yonathan\source\repos\JonnyGov\Computer-Graphics-HW2\LabProjectWithGlut_VS2019\glm.c(479,17): warning C4996: 'sscanf': This function or variable may be unsafe. Consider using sscanf_s instead. To disable deprecation, use _CRT_SECURE_NO_WARNINGS. See online help for details.
C:\Users\Yonathan\source\repos\JonnyGov\Computer-Graphics-HW2\LabProjectWithGlut_VS2019\glm.c(480,37): warning C4996: 'strdup': The POSIX name for this item is deprecated. Instead, use the ISO C and C++ conformant name: _strdup. See online help for details.
C:\Users\Yonathan\source\repos\JonnyGov\Computer-Graphics-HW2\LabProjectWithGlut_VS2019\glm.c(499,17): warning C4996: 'fscanf': This function or variable may be unsafe. Consider using fscanf_s instead. To disable deprecation, use _CRT_SECURE_NO_WARNINGS. See online help for details.
C:\Users\Yonathan\source\repos\JonnyGov\Computer-Graphics-HW2\LabProjectWithGlut_VS2019\glm.c(503,21): warning C4996: 'sscanf': This function or variable may be unsafe. Consider using sscanf_s instead. To disable deprecation, use _CRT_SECURE_NO_WARNINGS. See online help for details.
C:\Users\Yonathan\source\repos\JonnyGov\Computer-Graphics-HW2\LabProjectWithGlut_VS2019\glm.c(504,21): warning C4996: 'fscanf': This function or variable may be unsafe. Consider using fscanf_s instead. To disable deprecation, use _CRT_SECURE_NO_WARNINGS. See online help for details.
C:\Users\Yonathan\source\repos\JonnyGov\Computer-Graphics-HW2\LabProjectWithGlut_VS2019\glm.c(505,21): warning C4996: 'fscanf': This function or variable may be unsafe. Consider using fscanf_s instead. To disable deprecation, use _CRT_SECURE_NO_WARNINGS. See online help for details.
C:\Users\Yonathan\source\repos\JonnyGov\Computer-Graphics-HW2\LabProjectWithGlut_VS2019\glm.c(508,27): warning C4996: 'fscanf': This function or variable may be unsafe. Consider using fscanf_s instead. To disable deprecation, use _CRT_SECURE_NO_WARNINGS. See online help for details.
C:\Users\Yonathan\source\repos\JonnyGov\Computer-Graphics-HW2\LabProjectWithGlut_VS2019\glm.c(512,28): warning C4996: 'sscanf': This function or variable may be unsafe. Consider using sscanf_s instead. To disable deprecation, use _CRT_SECURE_NO_WARNINGS. See online help for details.
C:\Users\Yonathan\source\repos\JonnyGov\Computer-Graphics-HW2\LabProjectWithGlut_VS2019\glm.c(514,21): warning C4996: 'fscanf': This function or variable may be unsafe. Consider using fscanf_s instead. To disable deprecation, use _CRT_SECURE_NO_WARNINGS. See online help for details.
C:\Users\Yonathan\source\repos\JonnyGov\Computer-Graphics-HW2\LabProjectWithGlut_VS2019\glm.c(515,21): warning C4996: 'fscanf': This function or variable may be unsafe. Consider using fscanf_s instead. To disable deprecation, use _CRT_SECURE_NO_WARNINGS. See online help for details.
C:\Users\Yonathan\source\repos\JonnyGov\Computer-Graphics-HW2\LabProjectWithGlut_VS2019\glm.c(518,27): warning C4996: 'fscanf': This function or variable may be unsafe. Consider using fscanf_s instead. To disable deprecation, use _CRT_SECURE_NO_WARNINGS. See online help for details.
C:\Users\Yonathan\source\repos\JonnyGov\Computer-Graphics-HW2\LabProjectWithGlut_VS2019\glm.c(522,28): warning C4996: 'sscanf': This function or variable may be unsafe. Consider using sscanf_s instead. To disable deprecation, use _CRT_SECURE_NO_WARNINGS. See online help for details.
C:\Users\Yonathan\source\repos\JonnyGov\Computer-Graphics-HW2\LabProjectWithGlut_VS2019\glm.c(524,21): warning C4996: 'fscanf': This function or variable may be unsafe. Consider using fscanf_s instead. To disable deprecation, use _CRT_SECURE_NO_WARNINGS. See online help for details.
C:\Users\Yonathan\source\repos\JonnyGov\Computer-Graphics-HW2\LabProjectWithGlut_VS2019\glm.c(525,21): warning C4996: 'fscanf': This function or variable may be unsafe. Consider using fscanf_s instead. To disable deprecation, use _CRT_SECURE_NO_WARNINGS. See online help for details.
C:\Users\Yonathan\source\repos\JonnyGov\Computer-Graphics-HW2\LabProjectWithGlut_VS2019\glm.c(528,27): warning C4996: 'fscanf': This function or variable may be unsafe. Consider using fscanf_s instead. To disable deprecation, use _CRT_SECURE_NO_WARNINGS. See online help for details.
C:\Users\Yonathan\source\repos\JonnyGov\Computer-Graphics-HW2\LabProjectWithGlut_VS2019\glm.c(534,21): warning C4996: 'fscanf': This function or variable may be unsafe. Consider using fscanf_s instead. To disable deprecation, use _CRT_SECURE_NO_WARNINGS. See online help for details.
C:\Users\Yonathan\source\repos\JonnyGov\Computer-Graphics-HW2\LabProjectWithGlut_VS2019\glm.c(535,21): warning C4996: 'fscanf': This function or variable may be unsafe. Consider using fscanf_s instead. To disable deprecation, use _CRT_SECURE_NO_WARNINGS. See online help for details.
C:\Users\Yonathan\source\repos\JonnyGov\Computer-Graphics-HW2\LabProjectWithGlut_VS2019\glm.c(538,27): warning C4996: 'fscanf': This function or variable may be unsafe. Consider using fscanf_s instead. To disable deprecation, use _CRT_SECURE_NO_WARNINGS. See online help for details.
C:\Users\Yonathan\source\repos\JonnyGov\Computer-Graphics-HW2\LabProjectWithGlut_VS2019\glm.c(599,11): warning C4996: 'fscanf': This function or variable may be unsafe. Consider using fscanf_s instead. To disable deprecation, use _CRT_SECURE_NO_WARNINGS. See online help for details.
C:\Users\Yonathan\source\repos\JonnyGov\Computer-Graphics-HW2\LabProjectWithGlut_VS2019\glm.c(608,5): warning C4996: 'fscanf': This function or variable may be unsafe. Consider using fscanf_s instead. To disable deprecation, use _CRT_SECURE_NO_WARNINGS. See online help for details.
C:\Users\Yonathan\source\repos\JonnyGov\Computer-Graphics-HW2\LabProjectWithGlut_VS2019\glm.c(615,17): warning C4996: 'fscanf': This function or variable may be unsafe. Consider using fscanf_s instead. To disable deprecation, use _CRT_SECURE_NO_WARNINGS. See online help for details.
C:\Users\Yonathan\source\repos\JonnyGov\Computer-Graphics-HW2\LabProjectWithGlut_VS2019\glm.c(622,17): warning C4996: 'fscanf': This function or variable may be unsafe. Consider using fscanf_s instead. To disable deprecation, use _CRT_SECURE_NO_WARNINGS. See online help for details.
C:\Users\Yonathan\source\repos\JonnyGov\Computer-Graphics-HW2\LabProjectWithGlut_VS2019\glm.c(631,17): warning C4996: 'sscanf': This function or variable may be unsafe. Consider using sscanf_s instead. To disable deprecation, use _CRT_SECURE_NO_WARNINGS. See online help for details.
C:\Users\Yonathan\source\repos\JonnyGov\Computer-Graphics-HW2\LabProjectWithGlut_VS2019\glm.c(647,17): warning C4996: 'fscanf': This function or variable may be unsafe. Consider using fscanf_s instead. To disable deprecation, use _CRT_SECURE_NO_WARNINGS. See online help for details.
C:\Users\Yonathan\source\repos\JonnyGov\Computer-Graphics-HW2\LabProjectWithGlut_VS2019\glm.c(651,21): warning C4996: 'sscanf': This function or variable may be unsafe. Consider using sscanf_s instead. To disable deprecation, use _CRT_SECURE_NO_WARNINGS. See online help for details.
C:\Users\Yonathan\source\repos\JonnyGov\Computer-Graphics-HW2\LabProjectWithGlut_VS2019\glm.c(654,21): warning C4996: 'fscanf': This function or variable may be unsafe. Consider using fscanf_s instead. To disable deprecation, use _CRT_SECURE_NO_WARNINGS. See online help for details.
C:\Users\Yonathan\source\repos\JonnyGov\Computer-Graphics-HW2\LabProjectWithGlut_VS2019\glm.c(657,21): warning C4996: 'fscanf': This function or variable may be unsafe. Consider using fscanf_s instead. To disable deprecation, use _CRT_SECURE_NO_WARNINGS. See online help for details.
C:\Users\Yonathan\source\repos\JonnyGov\Computer-Graphics-HW2\LabProjectWithGlut_VS2019\glm.c(662,27): warning C4996: 'fscanf': This function or variable may be unsafe. Consider using fscanf_s instead. To disable deprecation, use _CRT_SECURE_NO_WARNINGS. See online help for details.
C:\Users\Yonathan\source\repos\JonnyGov\Computer-Graphics-HW2\LabProjectWithGlut_VS2019\glm.c(672,28): warning C4996: 'sscanf': This function or variable may be unsafe. Consider using sscanf_s instead. To disable deprecation, use _CRT_SECURE_NO_WARNINGS. See online help for details.
C:\Users\Yonathan\source\repos\JonnyGov\Computer-Graphics-HW2\LabProjectWithGlut_VS2019\glm.c(677,21): warning C4996: 'fscanf': This function or variable may be unsafe. Consider using fscanf_s instead. To disable deprecation, use _CRT_SECURE_NO_WARNINGS. See online help for details.
C:\Users\Yonathan\source\repos\JonnyGov\Computer-Graphics-HW2\LabProjectWithGlut_VS2019\glm.c(681,21): warning C4996: 'fscanf': This function or variable may be unsafe. Consider using fscanf_s instead. To disable deprecation, use _CRT_SECURE_NO_WARNINGS. See online help for details.
C:\Users\Yonathan\source\repos\JonnyGov\Computer-Graphics-HW2\LabProjectWithGlut_VS2019\glm.c(687,27): warning C4996: 'fscanf': This function or variable may be unsafe. Consider using fscanf_s instead. To disable deprecation, use _CRT_SECURE_NO_WARNINGS. See online help for details.
C:\Users\Yonathan\source\repos\JonnyGov\Computer-Graphics-HW2\LabProjectWithGlut_VS2019\glm.c(700,28): warning C4996: 'sscanf': This function or variable may be unsafe. Consider using sscanf_s instead. To disable deprecation, use _CRT_SECURE_NO_WARNINGS. See online help for details.
C:\Users\Yonathan\source\repos\JonnyGov\Computer-Graphics-HW2\LabProjectWithGlut_VS2019\glm.c(704,21): warning C4996: 'fscanf': This function or variable may be unsafe. Consider using fscanf_s instead. To disable deprecation, use _CRT_SECURE_NO_WARNINGS. See online help for details.
C:\Users\Yonathan\source\repos\JonnyGov\Computer-Graphics-HW2\LabProjectWithGlut_VS2019\glm.c(707,21): warning C4996: 'fscanf': This function or variable may be unsafe. Consider using fscanf_s instead. To disable deprecation, use _CRT_SECURE_NO_WARNINGS. See online help for details.
C:\Users\Yonathan\source\repos\JonnyGov\Computer-Graphics-HW2\LabProjectWithGlut_VS2019\glm.c(712,27): warning C4996: 'fscanf': This function or variable may be unsafe. Consider using fscanf_s instead. To disable deprecation, use _CRT_SECURE_NO_WARNINGS. See online help for details.
C:\Users\Yonathan\source\repos\JonnyGov\Computer-Graphics-HW2\LabProjectWithGlut_VS2019\glm.c(724,21): warning C4996: 'sscanf': This function or variable may be unsafe. Consider using sscanf_s instead. To disable deprecation, use _CRT_SECURE_NO_WARNINGS. See online help for details.
C:\Users\Yonathan\source\repos\JonnyGov\Computer-Graphics-HW2\LabProjectWithGlut_VS2019\glm.c(726,21): warning C4996: 'fscanf': This function or variable may be unsafe. Consider using fscanf_s instead. To disable deprecation, use _CRT_SECURE_NO_WARNINGS. See online help for details.
C:\Users\Yonathan\source\repos\JonnyGov\Computer-Graphics-HW2\LabProjectWithGlut_VS2019\glm.c(728,21): warning C4996: 'fscanf': This function or variable may be unsafe. Consider using fscanf_s instead. To disable deprecation, use _CRT_SECURE_NO_WARNINGS. See online help for details.
C:\Users\Yonathan\source\repos\JonnyGov\Computer-Graphics-HW2\LabProjectWithGlut_VS2019\glm.c(732,27): warning C4996: 'fscanf': This function or variable may be unsafe. Consider using fscanf_s instead. To disable deprecation, use _CRT_SECURE_NO_WARNINGS. See online help for details.
C:\Users\Yonathan\source\repos\JonnyGov\Computer-Graphics-HW2\LabProjectWithGlut_VS2019\glm.c(1347,12): warning C4996: 'fopen': This function or variable may be unsafe. Consider using fopen_s instead. To disable deprecation, use _CRT_SECURE_NO_WARNINGS. See online help for details.
C:\Users\Yonathan\source\repos\JonnyGov\Computer-Graphics-HW2\LabProjectWithGlut_VS2019\glm.c(1356,26): warning C4996: 'strdup': The POSIX name for this item is deprecated. Instead, use the ISO C and C++ conformant name: _strdup. See online help for details.
C:\Users\Yonathan\source\repos\JonnyGov\Computer-Graphics-HW2\LabProjectWithGlut_VS2019\glm.c(1468,12): warning C4996: 'fopen': This function or variable may be unsafe. Consider using fopen_s instead. To disable deprecation, use _CRT_SECURE_NO_WARNINGS. See online help for details.
C:\Users\Yonathan\source\repos\JonnyGov\Computer-Graphics-HW2\LabProjectWithGlut_VS2019\glm.c(1830,10): warning C4996: 'fopen': This function or variable may be unsafe. Consider using fopen_s instead. To disable deprecation, use _CRT_SECURE_NO_WARNINGS. See online help for details.
C:\Users\Yonathan\source\repos\JonnyGov\Computer-Graphics-HW2\LabProjectWithGlut_VS2019\glm.c(1851,18): warning C4996: 'sscanf': This function or variable may be unsafe. Consider using sscanf_s instead. To disable deprecation, use _CRT_SECURE_NO_WARNINGS. See online help for details.
C:\Users\Yonathan\source\repos\JonnyGov\Computer-Graphics-HW2\LabProjectWithGlut_VS2019\glm.c(1853,18): warning C4996: 'sscanf': This function or variable may be unsafe. Consider using sscanf_s instead. To disable deprecation, use _CRT_SECURE_NO_WARNINGS. See online help for details.
C:\Users\Yonathan\source\repos\JonnyGov\Computer-Graphics-HW2\LabProjectWithGlut_VS2019\glm.c(1855,18): warning C4996: 'sscanf': This function or variable may be unsafe. Consider using sscanf_s instead. To disable deprecation, use _CRT_SECURE_NO_WARNINGS. See online help for details.
  main.c
C:\Users\Yonathan\source\repos\JonnyGov\Computer-Graphics-HW2\LabProjectWithGlut_VS2019\main.c(384,6): warning C4101: 's': unreferenced local variable
C:\Users\Yonathan\source\repos\JonnyGov\Computer-Graphics-HW2\LabProjectWithGlut_VS2019\main.c(384,9): warning C4101: 't': unreferenced local variable
C:\Users\Yonathan\source\repos\JonnyGov\Computer-Graphics-HW2\LabProjectWithGlut_VS2019\main.c(517,6): warning C4101: 'i': unreferenced local variable
C:\Users\Yonathan\source\repos\JonnyGov\Computer-Graphics-HW2\LabProjectWithGlut_VS2019\main.c(675,2): warning C4996: 'sprintf': This function or variable may be unsafe. Consider using sprintf_s instead. To disable deprecation, use _CRT_SECURE_NO_WARNINGS. See online help for details.
C:\Users\Yonathan\source\repos\JonnyGov\Computer-Graphics-HW2\LabProjectWithGlut_VS2019\main.c(677,2): warning C4996: 'sprintf': This function or variable may be unsafe. Consider using sprintf_s instead. To disable deprecation, use _CRT_SECURE_NO_WARNINGS. See online help for details.
C:\Users\Yonathan\source\repos\JonnyGov\Computer-Graphics-HW2\LabProjectWithGlut_VS2019\main.c(1043,2): warning C4996: 'vsprintf': This function or variable may be unsafe. Consider using vsprintf_s instead. To disable deprecation, use _CRT_SECURE_NO_WARNINGS. See online help for details.
C:\Users\Yonathan\source\repos\JonnyGov\Computer-Graphics-HW2\LabProjectWithGlut_VS2019\main.c(1074,15): warning C4996: 'fopen': This function or variable may be unsafe. Consider using fopen_s instead. To disable deprecation, use _CRT_SECURE_NO_WARNINGS. See online help for details.
  MatrixAlgebraLib.c
  Generating Code...
  LabProjectWithGlut.vcxproj -> C:\Users\Yonathan\Source\Repos\JonnyGov\Computer-Graphics-HW2\LabProjectWithGlut_VS2019\Debug\ExecutableFile.exe
